#
# There is insufficient memory for the Java Runtime Environment to continue.
# Native memory allocation (mmap) failed to map 67108864 bytes for Failed to commit area from 0x00000000fc000000 to 0x0000000100000000 of length 67108864.
# Possible reasons:
#   The system is out of physical RAM or swap space
#   The process is running with CompressedOops enabled, and the Java Heap may be blocking the growth of the native heap
# Possible solutions:
#   Reduce memory load on the system
#   Increase physical memory or swap space
#   Check if swap backing store is full
#   Decrease Java heap size (-Xmx/-Xms)
#   Decrease number of Java threads
#   Decrease Java thread stack sizes (-Xss)
#   Set larger code cache with -XX:ReservedCodeCacheSize=
# This output file may be truncated or incomplete.
#
#  Out of Memory Error (t:/workspace/open/src/hotspot/os/windows/os_windows.cpp:3269), pid=13440, tid=18244
#
# JRE version:  (11.0+28) (build )
# Java VM: OpenJDK 64-Bit Server VM (11+28, mixed mode, aot, sharing, tiered, compressed oops, g1 gc, windows-amd64)
# No core dump will be written. Minidumps are not enabled by default on client versions of Windows
#

---------------  S U M M A R Y ------------

Command Line: -Xmx64m -Xms64m -Dorg.gradle.appname=gradlew org.gradle.wrapper.GradleWrapperMain app:installDebug -PreactNativeDevServerPort=8081

Host: AMD Ryzen 7 5700U with Radeon Graphics         , 16 cores, 13G,  Windows 10 , 64 bit Build 19041 (10.0.19041.1151)
Time: Tue Aug 31 09:00:54 2021 India Standard Time elapsed time: 0 seconds (0d 0h 0m 0s)

---------------  T H R E A D  ---------------

Current thread (0x000001c39f055800):  JavaThread "Unknown thread" [_thread_in_vm, id=18244, stack(0x000000a924000000,0x000000a924100000)]

Stack: [0x000000a924000000,0x000000a924100000]
Native frames: (J=compiled Java code, j=interpreted, Vv=VM code, C=native code)
V  [jvm.dll+0x63adaa]
V  [jvm.dll+0x77852f]
V  [jvm.dll+0x779b18]
V  [jvm.dll+0x77a1d3]
V  [jvm.dll+0x2624c8]
V  [jvm.dll+0x63825a]
V  [jvm.dll+0x62cb15]
V  [jvm.dll+0x31563c]
V  [jvm.dll+0x3154c2]
V  [jvm.dll+0x31ad36]
V  [jvm.dll+0x36726f]
V  [jvm.dll+0x366c90]
V  [jvm.dll+0x2f2378]
V  [jvm.dll+0x2f34d6]
V  [jvm.dll+0x7517d7]
V  [jvm.dll+0x752f1f]
V  [jvm.dll+0x374099]
V  [jvm.dll+0x738059]
V  [jvm.dll+0x3e35fd]
V  [jvm.dll+0x3e5961]
C  [java.exe+0x3603]
C  [java.exe+0x1746c]
C  [KERNEL32.DLL+0x17034]
C  [ntdll.dll+0x52651]


---------------  P R O C E S S  ---------------

Threads class SMR info:
_java_thread_list=0x000001c39d5526e0, length=0, elements={
}

Java Threads: ( => current thread )

Other Threads:
  0x000001c39f06d000 GCTaskThread "GC Thread#0" [stack: 0x000000a924100000,0x000000a924200000] [id=21244]
  0x000001c39f074000 ConcurrentGCThread "G1 Main Marker" [stack: 0x000000a924200000,0x000000a924300000] [id=4844]
  0x000001c39f075800 ConcurrentGCThread "G1 Conc#0" [stack: 0x000000a924300000,0x000000a924400000] [id=9380]

[error occurred during error reporting (printing all threads), id 0xc0000005, EXCEPTION_ACCESS_VIOLATION (0xc0000005) at pc=0x00007fff1e620d37]

VM state:not at safepoint (not fully initialized)

VM Mutex/Monitor currently owned by a thread:  ([mutex/lock_event])
[0x000001c39f053300] Heap_lock - owner thread: 0x000001c39f055800

Heap address: 0x00000000fc000000, size: 64 MB, Compressed Oops mode: Non-zero based: 0x00000000fc000000
Narrow klass base: 0x0000000000000000, Narrow klass shift: 0

GC Heap History (0 events):
No events

Deoptimization events (0 events):
No events

Classes redefined (0 events):
No events

Internal exceptions (0 events):
No events

Events (0 events):
No events


Dynamic libraries:
0x00007ff699670000 - 0x00007ff6996b5000 	C:\Program Files\Java\jdk-11\bin\java.exe
0x00007fff89390000 - 0x00007fff89585000 	C:\WINDOWS\SYSTEM32\ntdll.dll
0x00007fff87880000 - 0x00007fff8793d000 	C:\WINDOWS\System32\KERNEL32.DLL
0x00007fff86c50000 - 0x00007fff86f19000 	C:\WINDOWS\System32\KERNELBASE.dll
0x00007fff87e10000 - 0x00007fff87fb0000 	C:\WINDOWS\System32\USER32.dll
0x00007fff86b20000 - 0x00007fff86b42000 	C:\WINDOWS\System32\win32u.dll
0x00007fff88430000 - 0x00007fff8845a000 	C:\WINDOWS\System32\GDI32.dll
0x00007fff870f0000 - 0x00007fff871fb000 	C:\WINDOWS\System32\gdi32full.dll
0x00007fff86f20000 - 0x00007fff86fbd000 	C:\WINDOWS\System32\msvcp_win.dll
0x00007fff86ff0000 - 0x00007fff870f0000 	C:\WINDOWS\System32\ucrtbase.dll
0x00007fff67f40000 - 0x00007fff681da000 	C:\WINDOWS\WinSxS\amd64_microsoft.windows.common-controls_6595b64144ccf1df_6.0.19041.1110_none_60b5254171f9507e\COMCTL32.dll
0x00007fff89230000 - 0x00007fff892ce000 	C:\WINDOWS\System32\msvcrt.dll
0x00007fff89150000 - 0x00007fff89180000 	C:\WINDOWS\System32\IMM32.DLL
0x00007fff5a640000 - 0x00007fff5a656000 	C:\Program Files\Java\jdk-11\bin\vcruntime140.dll
0x00007fff47d20000 - 0x00007fff47dca000 	C:\Program Files\Java\jdk-11\bin\msvcp140.dll
0x00007fff1e320000 - 0x00007fff1ee61000 	C:\Program Files\Java\jdk-11\bin\server\jvm.dll
0x00007fff87d60000 - 0x00007fff87e0c000 	C:\WINDOWS\System32\ADVAPI32.dll
0x00007fff89180000 - 0x00007fff8921b000 	C:\WINDOWS\System32\sechost.dll
0x00007fff87750000 - 0x00007fff8787a000 	C:\WINDOWS\System32\RPCRT4.dll
0x00007fff88460000 - 0x00007fff88468000 	C:\WINDOWS\System32\PSAPI.DLL
0x00007fff7c630000 - 0x00007fff7c63a000 	C:\WINDOWS\SYSTEM32\VERSION.dll
0x00007fff83400000 - 0x00007fff83427000 	C:\WINDOWS\SYSTEM32\WINMM.dll
0x00007fff4dff0000 - 0x00007fff4dff9000 	C:\WINDOWS\SYSTEM32\WSOCK32.dll
0x00007fff88dd0000 - 0x00007fff88e3b000 	C:\WINDOWS\System32\WS2_32.dll
0x00007fff85380000 - 0x00007fff85392000 	C:\WINDOWS\SYSTEM32\kernel.appcore.dll
0x00007fff5a620000 - 0x00007fff5a631000 	C:\Program Files\Java\jdk-11\bin\verify.dll
0x00007fff84710000 - 0x00007fff848f4000 	C:\WINDOWS\SYSTEM32\DBGHELP.DLL
0x00007fff83750000 - 0x00007fff8377c000 	C:\WINDOWS\SYSTEM32\dbgcore.DLL
0x00007fff87200000 - 0x00007fff87283000 	C:\WINDOWS\System32\bcryptPrimitives.dll
0x00007fff5a5f0000 - 0x00007fff5a618000 	C:\Program Files\Java\jdk-11\bin\java.dll
0x00007fff59ea0000 - 0x00007fff59eb6000 	C:\Program Files\Java\jdk-11\bin\zip.dll
0x00007fff7fb90000 - 0x00007fff7fb9a000 	C:\Program Files\Java\jdk-11\bin\jimage.dll

dbghelp: loaded successfully - version: 4.0.5 - missing functions: none
symbol engine: initialized successfully - sym options: 0x614 - pdb path: .;C:\Program Files\Java\jdk-11\bin;C:\WINDOWS\SYSTEM32;C:\WINDOWS\WinSxS\amd64_microsoft.windows.common-controls_6595b64144ccf1df_6.0.19041.1110_none_60b5254171f9507e;C:\Program Files\Java\jdk-11\bin\server

VM Arguments:
jvm_args: -Xmx64m -Xms64m -Dorg.gradle.appname=gradlew 
java_command: org.gradle.wrapper.GradleWrapperMain app:installDebug -PreactNativeDevServerPort=8081
java_class_path (initial): D:\React\anilbro\android\\gradle\wrapper\gradle-wrapper.jar
Launcher Type: SUN_STANDARD

[Global flags]
     intx CICompilerCount                          = 12                                        {product} {ergonomic}
     uint ConcGCThreads                            = 3                                         {product} {ergonomic}
     uint G1ConcRefinementThreads                  = 13                                        {product} {ergonomic}
   size_t G1HeapRegionSize                         = 1048576                                   {product} {ergonomic}
    uintx GCDrainStackTargetSize                   = 64                                        {product} {ergonomic}
   size_t InitialHeapSize                          = 67108864                                  {product} {command line}
   size_t MarkStackSize                            = 4194304                                   {product} {ergonomic}
   size_t MaxHeapSize                              = 67108864                                  {product} {command line}
   size_t MinHeapDeltaBytes                        = 1048576                                   {product} {ergonomic}
    uintx NonNMethodCodeHeapSize                   = 7591728                                {pd product} {ergonomic}
    uintx NonProfiledCodeHeapSize                  = 122033256                              {pd product} {ergonomic}
    uintx ProfiledCodeHeapSize                     = 122033256                              {pd product} {ergonomic}
    uintx ReservedCodeCacheSize                    = 251658240                              {pd product} {ergonomic}
     bool SegmentedCodeCache                       = true                                      {product} {ergonomic}
     bool UseCompressedClassPointers               = true                                 {lp64_product} {ergonomic}
     bool UseCompressedOops                        = true                                 {lp64_product} {ergonomic}
     bool UseG1GC                                  = true                                      {product} {ergonomic}
     bool UseLargePagesIndividualAllocation        = false                                  {pd product} {ergonomic}

Logging:
Log output configuration:
 #0: stdout all=warning uptime,level,tags
 #1: stderr all=off uptime,level,tags

Environment Variables:
JAVA_HOME=C:\Program Files\Java\jdk-11
CLASSPATH=D:\React\anilbro\android\\gradle\wrapper\gradle-wrapper.jar
PATH=D:\React\anilbro\android\node_modules\.bin;D:\React\anilbro\node_modules\.bin;D:\React\node_modules\.bin;D:\node_modules\.bin;C:\Program Files\nodejs;D:\React\anilbro\node_modules\.bin;C:\Program Files\Common Files\Oracle\Java\javapath;C:\Program Files\Microsoft MPI\Bin\;C:\WINDOWS\system32;C:\WINDOWS;C:\WINDOWS\System32\Wbem;C:\WINDOWS\System32\WindowsPowerShell\v1.0\;C:\WINDOWS\System32\OpenSSH\;C:\Program Files\nodejs\;C:\Program Files (x86)\Microsoft SQL Server\150\DTS\Binn\;C:\Program Files\Azure Data Studio\bin;C:\Program Files (x86)\Microsoft SQL Server\150\Tools\Binn\;C:\Program Files\Microsoft SQL Server\150\Tools\Binn\;C:\Program Files\Microsoft SQL Server\150\DTS\Binn\;C:\Program Files\Microsoft SQL Server\Client SDK\ODBC\170\Tools\Binn\;C:\Program Files\dotnet\;C:\Program Files\Git\cmd;C:\Program Files\Microsoft SQL Server\130\Tools\Binn\;C:\Program Files\PuTTY\;C:\Program Files\Java\jdk-11\bin;C:\Users\anila\AppData\Local\Microsoft\WindowsApps;C:\Users\anila\AppData\Roaming\npm;C:\Users\anila\AppData\Local\Programs\Microsoft VS Code\bin;C:\Users\anila\.dotnet\tools;C:\Users\anila\AppData\Local\Android\Sdk\platform-tools;C:\ProgramData\chocolatey\bin
USERNAME=anila
OS=Windows_NT
PROCESSOR_IDENTIFIER=AMD64 Family 23 Model 104 Stepping 1, AuthenticAMD



---------------  S Y S T E M  ---------------

OS: Windows 10 , 64 bit Build 19041 (10.0.19041.1151)

CPU:total 16 (initial active 16) (16 cores per cpu, 2 threads per core) family 23 model 104 stepping 1, cmov, cx8, fxsr, mmx, sse, sse2, sse3, ssse3, sse4.1, sse4.2, popcnt, avx, avx2, aes, clmul, mmxext, 3dnowpref, lzcnt, sse4a, ht, tsc, tscinvbit, tscinv, bmi1, bmi2, adx, sha, fma

Memory: 4k page, system-wide physical 14197M (3188M free)
TotalPageFile size 14197M (AvailPageFile size 63M)
current process WorkingSet (physical memory assigned to process): 10M, peak: 10M
current process commit charge ("private bytes"): 69M, peak: 133M

vm_info: OpenJDK 64-Bit Server VM (11+28) for windows-amd64 JRE (11+28), built on Aug 23 2018 03:04:58 by "mach5one" with MS VC++ 15.5 (VS2017)

END.
